[2025-04-01T02:03:23.398-0300] {local_task_job_runner.py:120} INFO - ::group::Pre task execution logs
[2025-04-01T02:03:23.404-0300] {taskinstance.py:2073} INFO - Dependencies all met for dep_context=non-requeueable deps ti=<TaskInstance: monthly_employee_changes_report.extract_from_mysql scheduled__2025-03-01T03:00:00+00:00 [queued]>
[2025-04-01T02:03:23.407-0300] {taskinstance.py:2073} INFO - Dependencies all met for dep_context=requeueable deps ti=<TaskInstance: monthly_employee_changes_report.extract_from_mysql scheduled__2025-03-01T03:00:00+00:00 [queued]>
[2025-04-01T02:03:23.407-0300] {taskinstance.py:2303} INFO - Starting attempt 35 of 3
[2025-04-01T02:03:23.412-0300] {taskinstance.py:2327} INFO - Executing <Task(PythonOperator): extract_from_mysql> on 2025-03-01 03:00:00+00:00
[2025-04-01T02:03:23.415-0300] {standard_task_runner.py:63} INFO - Started process 16819 to run task
[2025-04-01T02:03:23.419-0300] {standard_task_runner.py:90} INFO - Running: ['airflow', 'tasks', 'run', 'monthly_employee_changes_report', 'extract_from_mysql', 'scheduled__2025-03-01T03:00:00+00:00', '--job-id', '67', '--raw', '--subdir', 'DAGS_FOLDER/monthly_employee_changes_report_dag.py', '--cfg-path', '/var/folders/pw/ybzcyby54d787c124gv_5tjw0000gn/T/tmpqjj_xjmz']
[2025-04-01T02:03:23.420-0300] {standard_task_runner.py:91} INFO - Job 67: Subtask extract_from_mysql
[2025-04-01T02:03:23.441-0300] {task_command.py:426} INFO - Running <TaskInstance: monthly_employee_changes_report.extract_from_mysql scheduled__2025-03-01T03:00:00+00:00 [running]> on host ordenador-portatil-de-user-2.local
[2025-04-01T02:03:23.467-0300] {taskinstance.py:2644} INFO - Exporting env vars: AIRFLOW_CTX_DAG_EMAIL='admin@example.com' AIRFLOW_CTX_DAG_OWNER='airflow' AIRFLOW_CTX_DAG_ID='monthly_employee_changes_report' AIRFLOW_CTX_TASK_ID='extract_from_mysql' AIRFLOW_CTX_EXECUTION_DATE='2025-03-01T03:00:00+00:00' AIRFLOW_CTX_TRY_NUMBER='35' AIRFLOW_CTX_DAG_RUN_ID='scheduled__2025-03-01T03:00:00+00:00'
[2025-04-01T02:03:23.468-0300] {taskinstance.py:430} INFO - ::endgroup::
[2025-04-01T02:03:23.480-0300] {logging_mixin.py:188} WARNING - /Users/user/Documents/repo test eng/env/lib/python3.10/site-packages/airflow/utils/context.py:320 AirflowContextDeprecationWarning: Accessing 'execution_date' from the template is deprecated and will be removed in a future version. Please use 'data_interval_start' or 'logical_date' instead.
[2025-04-01T02:07:14.676-0300] {local_task_job_runner.py:288} WARNING - Recorded pid 16935 does not match the current pid 16819
[2025-04-01T02:07:14.677-0300] {local_task_job_runner.py:222} INFO - ::endgroup::
[2025-04-01T02:07:14.682-0300] {process_utils.py:132} INFO - Sending Signals.SIGTERM to group 16819. PIDs of all processes in the group: [16819]
[2025-04-01T02:07:14.682-0300] {process_utils.py:87} INFO - Sending the signal Signals.SIGTERM to group 16819
[2025-04-01T02:08:14.711-0300] {process_utils.py:150} WARNING - process psutil.Process(pid=16819, name='python3.10', status='running', started='02:03:23') did not respond to SIGTERM. Trying SIGKILL
[2025-04-01T02:08:14.715-0300] {process_utils.py:87} INFO - Sending the signal Signals.SIGKILL to group 16819
[2025-04-01T02:08:14.723-0300] {process_utils.py:80} INFO - Process psutil.Process(pid=16819, name='python3.10', status='terminated', exitcode=<Negsignal.SIGKILL: -9>, started='02:03:23') (16819) terminated with exit code Negsignal.SIGKILL
[2025-04-01T02:08:14.724-0300] {standard_task_runner.py:178} ERROR - Job 68 was killed before it finished (likely due to running out of memory)
