[2025-04-01T02:32:10.931-0300] {local_task_job_runner.py:120} INFO - ::group::Pre task execution logs
[2025-04-01T02:32:10.937-0300] {taskinstance.py:2073} INFO - Dependencies all met for dep_context=non-requeueable deps ti=<TaskInstance: monthly_employee_changes_report.extract_from_mysql scheduled__2025-03-01T03:00:00+00:00 [queued]>
[2025-04-01T02:32:10.940-0300] {taskinstance.py:2073} INFO - Dependencies all met for dep_context=requeueable deps ti=<TaskInstance: monthly_employee_changes_report.extract_from_mysql scheduled__2025-03-01T03:00:00+00:00 [queued]>
[2025-04-01T02:32:10.940-0300] {taskinstance.py:2303} INFO - Starting attempt 43 of 3
[2025-04-01T02:32:10.946-0300] {taskinstance.py:2327} INFO - Executing <Task(PythonOperator): extract_from_mysql> on 2025-03-01 03:00:00+00:00
[2025-04-01T02:32:10.950-0300] {standard_task_runner.py:63} INFO - Started process 19090 to run task
[2025-04-01T02:32:10.954-0300] {standard_task_runner.py:90} INFO - Running: ['airflow', 'tasks', 'run', 'monthly_employee_changes_report', 'extract_from_mysql', 'scheduled__2025-03-01T03:00:00+00:00', '--job-id', '75', '--raw', '--subdir', 'DAGS_FOLDER/monthly_employee_changes_report_dag.py', '--cfg-path', '/var/folders/pw/ybzcyby54d787c124gv_5tjw0000gn/T/tmp2s57ag6o']
[2025-04-01T02:32:10.955-0300] {standard_task_runner.py:91} INFO - Job 75: Subtask extract_from_mysql
[2025-04-01T02:32:10.979-0300] {task_command.py:426} INFO - Running <TaskInstance: monthly_employee_changes_report.extract_from_mysql scheduled__2025-03-01T03:00:00+00:00 [running]> on host ordenador-portatil-de-user-2.local
[2025-04-01T02:32:11.012-0300] {taskinstance.py:2644} INFO - Exporting env vars: AIRFLOW_CTX_DAG_EMAIL='admin@example.com' AIRFLOW_CTX_DAG_OWNER='airflow' AIRFLOW_CTX_DAG_ID='monthly_employee_changes_report' AIRFLOW_CTX_TASK_ID='extract_from_mysql' AIRFLOW_CTX_EXECUTION_DATE='2025-03-01T03:00:00+00:00' AIRFLOW_CTX_TRY_NUMBER='43' AIRFLOW_CTX_DAG_RUN_ID='scheduled__2025-03-01T03:00:00+00:00'
[2025-04-01T02:32:11.013-0300] {taskinstance.py:430} INFO - ::endgroup::
[2025-04-01T02:32:11.026-0300] {logging_mixin.py:188} WARNING - /Users/user/Documents/repo test eng/env/lib/python3.10/site-packages/airflow/utils/context.py:320 AirflowContextDeprecationWarning: Accessing 'execution_date' from the template is deprecated and will be removed in a future version. Please use 'data_interval_start' or 'logical_date' instead.
[2025-04-01T09:46:29.905-0300] {local_task_job_runner.py:288} WARNING - Recorded pid 19345 does not match the current pid 19090
[2025-04-01T09:46:29.945-0300] {local_task_job_runner.py:222} INFO - ::endgroup::
[2025-04-01T09:46:29.971-0300] {process_utils.py:132} INFO - Sending Signals.SIGTERM to group 19090. PIDs of all processes in the group: [19090]
[2025-04-01T09:46:29.992-0300] {process_utils.py:87} INFO - Sending the signal Signals.SIGTERM to group 19090
[2025-04-01T09:47:30.004-0300] {process_utils.py:150} WARNING - process psutil.Process(pid=19090, name='python3.10', status='running', started='02:32:10') did not respond to SIGTERM. Trying SIGKILL
[2025-04-01T09:47:30.023-0300] {process_utils.py:87} INFO - Sending the signal Signals.SIGKILL to group 19090
[2025-04-01T09:47:30.026-0300] {process_utils.py:80} INFO - Process psutil.Process(pid=19090, name='python3.10', status='terminated', exitcode=<Negsignal.SIGKILL: -9>, started='02:32:10') (19090) terminated with exit code Negsignal.SIGKILL
[2025-04-01T09:47:30.026-0300] {standard_task_runner.py:178} ERROR - Job 76 was killed before it finished (likely due to running out of memory)
