[2025-04-01T01:23:20.045-0300] {local_task_job_runner.py:120} INFO - ::group::Pre task execution logs
[2025-04-01T01:23:20.050-0300] {taskinstance.py:2073} INFO - Dependencies all met for dep_context=non-requeueable deps ti=<TaskInstance: monthly_employee_changes_report.extract_from_mysql scheduled__2025-03-01T03:00:00+00:00 [queued]>
[2025-04-01T01:23:20.053-0300] {taskinstance.py:2073} INFO - Dependencies all met for dep_context=requeueable deps ti=<TaskInstance: monthly_employee_changes_report.extract_from_mysql scheduled__2025-03-01T03:00:00+00:00 [queued]>
[2025-04-01T01:23:20.053-0300] {taskinstance.py:2303} INFO - Starting attempt 19 of 3
[2025-04-01T01:23:20.058-0300] {taskinstance.py:2327} INFO - Executing <Task(PythonOperator): extract_from_mysql> on 2025-03-01 03:00:00+00:00
[2025-04-01T01:23:20.061-0300] {standard_task_runner.py:63} INFO - Started process 15971 to run task
[2025-04-01T01:23:20.064-0300] {standard_task_runner.py:90} INFO - Running: ['airflow', 'tasks', 'run', 'monthly_employee_changes_report', 'extract_from_mysql', 'scheduled__2025-03-01T03:00:00+00:00', '--job-id', '51', '--raw', '--subdir', 'DAGS_FOLDER/monthly_employee_changes_report_dag.py', '--cfg-path', '/var/folders/pw/ybzcyby54d787c124gv_5tjw0000gn/T/tmpqah2qabi']
[2025-04-01T01:23:20.065-0300] {standard_task_runner.py:91} INFO - Job 51: Subtask extract_from_mysql
[2025-04-01T01:23:20.090-0300] {task_command.py:426} INFO - Running <TaskInstance: monthly_employee_changes_report.extract_from_mysql scheduled__2025-03-01T03:00:00+00:00 [running]> on host ordenador-portatil-de-user-2.local
[2025-04-01T01:23:20.116-0300] {taskinstance.py:2644} INFO - Exporting env vars: AIRFLOW_CTX_DAG_EMAIL='admin@example.com' AIRFLOW_CTX_DAG_OWNER='airflow' AIRFLOW_CTX_DAG_ID='monthly_employee_changes_report' AIRFLOW_CTX_TASK_ID='extract_from_mysql' AIRFLOW_CTX_EXECUTION_DATE='2025-03-01T03:00:00+00:00' AIRFLOW_CTX_TRY_NUMBER='19' AIRFLOW_CTX_DAG_RUN_ID='scheduled__2025-03-01T03:00:00+00:00'
[2025-04-01T01:23:20.116-0300] {taskinstance.py:430} INFO - ::endgroup::
[2025-04-01T01:23:20.128-0300] {logging_mixin.py:188} WARNING - /Users/user/Documents/repo test eng/env/lib/python3.10/site-packages/airflow/utils/context.py:320 AirflowContextDeprecationWarning: Accessing 'execution_date' from the template is deprecated and will be removed in a future version. Please use 'data_interval_start' or 'logical_date' instead.
[2025-04-01T01:27:11.303-0300] {local_task_job_runner.py:288} WARNING - Recorded pid 16081 does not match the current pid 15971
[2025-04-01T01:27:11.304-0300] {local_task_job_runner.py:222} INFO - ::endgroup::
[2025-04-01T01:27:11.307-0300] {process_utils.py:132} INFO - Sending Signals.SIGTERM to group 15971. PIDs of all processes in the group: [15971]
[2025-04-01T01:27:11.308-0300] {process_utils.py:87} INFO - Sending the signal Signals.SIGTERM to group 15971
[2025-04-01T01:28:11.337-0300] {process_utils.py:150} WARNING - process psutil.Process(pid=15971, name='python3.10', status='running', started='01:23:20') did not respond to SIGTERM. Trying SIGKILL
[2025-04-01T01:28:11.338-0300] {process_utils.py:87} INFO - Sending the signal Signals.SIGKILL to group 15971
[2025-04-01T01:28:11.346-0300] {process_utils.py:80} INFO - Process psutil.Process(pid=15971, name='python3.10', status='terminated', exitcode=<Negsignal.SIGKILL: -9>, started='01:23:20') (15971) terminated with exit code Negsignal.SIGKILL
[2025-04-01T01:28:11.346-0300] {standard_task_runner.py:178} ERROR - Job 52 was killed before it finished (likely due to running out of memory)
