[2025-04-01T09:47:40.289-0300] {local_task_job_runner.py:120} INFO - ::group::Pre task execution logs
[2025-04-01T09:47:40.295-0300] {taskinstance.py:2073} INFO - Dependencies all met for dep_context=non-requeueable deps ti=<TaskInstance: monthly_employee_changes_report.extract_from_mysql scheduled__2025-03-01T03:00:00+00:00 [queued]>
[2025-04-01T09:47:40.299-0300] {taskinstance.py:2073} INFO - Dependencies all met for dep_context=requeueable deps ti=<TaskInstance: monthly_employee_changes_report.extract_from_mysql scheduled__2025-03-01T03:00:00+00:00 [queued]>
[2025-04-01T09:47:40.299-0300] {taskinstance.py:2303} INFO - Starting attempt 45 of 3
[2025-04-01T09:47:40.305-0300] {taskinstance.py:2327} INFO - Executing <Task(PythonOperator): extract_from_mysql> on 2025-03-01 03:00:00+00:00
[2025-04-01T09:47:40.309-0300] {standard_task_runner.py:63} INFO - Started process 19498 to run task
[2025-04-01T09:47:40.313-0300] {standard_task_runner.py:90} INFO - Running: ['airflow', 'tasks', 'run', 'monthly_employee_changes_report', 'extract_from_mysql', 'scheduled__2025-03-01T03:00:00+00:00', '--job-id', '77', '--raw', '--subdir', 'DAGS_FOLDER/monthly_employee_changes_report_dag.py', '--cfg-path', '/var/folders/pw/ybzcyby54d787c124gv_5tjw0000gn/T/tmpcxz9qw2w']
[2025-04-01T09:47:40.315-0300] {standard_task_runner.py:91} INFO - Job 77: Subtask extract_from_mysql
[2025-04-01T09:47:40.339-0300] {task_command.py:426} INFO - Running <TaskInstance: monthly_employee_changes_report.extract_from_mysql scheduled__2025-03-01T03:00:00+00:00 [running]> on host ordenador-portatil-de-user-2.local
[2025-04-01T09:47:40.372-0300] {taskinstance.py:2644} INFO - Exporting env vars: AIRFLOW_CTX_DAG_EMAIL='admin@example.com' AIRFLOW_CTX_DAG_OWNER='airflow' AIRFLOW_CTX_DAG_ID='monthly_employee_changes_report' AIRFLOW_CTX_TASK_ID='extract_from_mysql' AIRFLOW_CTX_EXECUTION_DATE='2025-03-01T03:00:00+00:00' AIRFLOW_CTX_TRY_NUMBER='45' AIRFLOW_CTX_DAG_RUN_ID='scheduled__2025-03-01T03:00:00+00:00'
[2025-04-01T09:47:40.373-0300] {taskinstance.py:430} INFO - ::endgroup::
[2025-04-01T09:47:40.391-0300] {logging_mixin.py:188} WARNING - /Users/user/Documents/repo test eng/env/lib/python3.10/site-packages/airflow/utils/context.py:320 AirflowContextDeprecationWarning: Accessing 'execution_date' from the template is deprecated and will be removed in a future version. Please use 'data_interval_start' or 'logical_date' instead.
[2025-04-01T09:51:31.523-0300] {local_task_job_runner.py:288} WARNING - Recorded pid 19894 does not match the current pid 19498
[2025-04-01T09:51:31.524-0300] {local_task_job_runner.py:222} INFO - ::endgroup::
[2025-04-01T09:51:31.530-0300] {process_utils.py:132} INFO - Sending Signals.SIGTERM to group 19498. PIDs of all processes in the group: [19498]
[2025-04-01T09:51:31.530-0300] {process_utils.py:87} INFO - Sending the signal Signals.SIGTERM to group 19498
[2025-04-01T09:52:31.533-0300] {process_utils.py:150} WARNING - process psutil.Process(pid=19498, name='python3.10', status='running', started='09:47:40') did not respond to SIGTERM. Trying SIGKILL
[2025-04-01T09:52:31.534-0300] {process_utils.py:87} INFO - Sending the signal Signals.SIGKILL to group 19498
[2025-04-01T09:52:31.536-0300] {process_utils.py:80} INFO - Process psutil.Process(pid=19498, name='python3.10', status='terminated', exitcode=<Negsignal.SIGKILL: -9>, started='09:47:40') (19498) terminated with exit code Negsignal.SIGKILL
[2025-04-01T09:52:31.536-0300] {standard_task_runner.py:178} ERROR - Job 78 was killed before it finished (likely due to running out of memory)
