[2025-04-01T10:11:29.450-0300] {local_task_job_runner.py:120} INFO - ::group::Pre task execution logs
[2025-04-01T10:11:29.456-0300] {taskinstance.py:2073} INFO - Dependencies all met for dep_context=non-requeueable deps ti=<TaskInstance: monthly_employee_changes_report.extract_from_mysql scheduled__2025-03-01T03:00:00+00:00 [queued]>
[2025-04-01T10:11:29.459-0300] {taskinstance.py:2073} INFO - Dependencies all met for dep_context=requeueable deps ti=<TaskInstance: monthly_employee_changes_report.extract_from_mysql scheduled__2025-03-01T03:00:00+00:00 [queued]>
[2025-04-01T10:11:29.459-0300] {taskinstance.py:2303} INFO - Starting attempt 54 of 3
[2025-04-01T10:11:29.465-0300] {taskinstance.py:2327} INFO - Executing <Task(PythonOperator): extract_from_mysql> on 2025-03-01 03:00:00+00:00
[2025-04-01T10:11:29.469-0300] {standard_task_runner.py:63} INFO - Started process 21339 to run task
[2025-04-01T10:11:29.472-0300] {standard_task_runner.py:90} INFO - Running: ['airflow', 'tasks', 'run', 'monthly_employee_changes_report', 'extract_from_mysql', 'scheduled__2025-03-01T03:00:00+00:00', '--job-id', '86', '--raw', '--subdir', 'DAGS_FOLDER/monthly_employee_changes_report_dag.py', '--cfg-path', '/var/folders/pw/ybzcyby54d787c124gv_5tjw0000gn/T/tmpelw3ozv0']
[2025-04-01T10:11:29.473-0300] {standard_task_runner.py:91} INFO - Job 86: Subtask extract_from_mysql
[2025-04-01T10:11:29.496-0300] {task_command.py:426} INFO - Running <TaskInstance: monthly_employee_changes_report.extract_from_mysql scheduled__2025-03-01T03:00:00+00:00 [running]> on host ordenador-portatil-de-user-2.local
[2025-04-01T10:11:29.524-0300] {taskinstance.py:2644} INFO - Exporting env vars: AIRFLOW_CTX_DAG_EMAIL='admin@example.com' AIRFLOW_CTX_DAG_OWNER='airflow' AIRFLOW_CTX_DAG_ID='monthly_employee_changes_report' AIRFLOW_CTX_TASK_ID='extract_from_mysql' AIRFLOW_CTX_EXECUTION_DATE='2025-03-01T03:00:00+00:00' AIRFLOW_CTX_TRY_NUMBER='54' AIRFLOW_CTX_DAG_RUN_ID='scheduled__2025-03-01T03:00:00+00:00'
[2025-04-01T10:11:29.524-0300] {taskinstance.py:430} INFO - ::endgroup::
[2025-04-01T10:11:29.536-0300] {logging_mixin.py:188} WARNING - /Users/user/Documents/repo test eng/env/lib/python3.10/site-packages/airflow/utils/context.py:320 AirflowContextDeprecationWarning: Accessing 'execution_date' from the template is deprecated and will be removed in a future version. Please use 'data_interval_start' or 'logical_date' instead.
[2025-04-01T10:12:44.903-0300] {local_task_job_runner.py:288} WARNING - Recorded pid 21421 does not match the current pid 21339
[2025-04-01T10:12:44.904-0300] {local_task_job_runner.py:222} INFO - ::endgroup::
[2025-04-01T10:12:44.910-0300] {process_utils.py:132} INFO - Sending Signals.SIGTERM to group 21339. PIDs of all processes in the group: [21339]
[2025-04-01T10:12:44.910-0300] {process_utils.py:87} INFO - Sending the signal Signals.SIGTERM to group 21339
[2025-04-01T10:13:44.934-0300] {process_utils.py:150} WARNING - process psutil.Process(pid=21339, name='python3.10', status='running', started='10:11:29') did not respond to SIGTERM. Trying SIGKILL
[2025-04-01T10:13:44.935-0300] {process_utils.py:87} INFO - Sending the signal Signals.SIGKILL to group 21339
[2025-04-01T10:13:44.939-0300] {process_utils.py:80} INFO - Process psutil.Process(pid=21339, name='python3.10', status='terminated', exitcode=<Negsignal.SIGKILL: -9>, started='10:11:29') (21339) terminated with exit code Negsignal.SIGKILL
[2025-04-01T10:13:44.939-0300] {standard_task_runner.py:178} ERROR - Job 87 was killed before it finished (likely due to running out of memory)
