[2025-04-01T02:17:14.983-0300] {local_task_job_runner.py:120} INFO - ::group::Pre task execution logs
[2025-04-01T02:17:14.989-0300] {taskinstance.py:2073} INFO - Dependencies all met for dep_context=non-requeueable deps ti=<TaskInstance: monthly_employee_changes_report.extract_from_mysql scheduled__2025-03-01T03:00:00+00:00 [queued]>
[2025-04-01T02:17:14.993-0300] {taskinstance.py:2073} INFO - Dependencies all met for dep_context=requeueable deps ti=<TaskInstance: monthly_employee_changes_report.extract_from_mysql scheduled__2025-03-01T03:00:00+00:00 [queued]>
[2025-04-01T02:17:14.993-0300] {taskinstance.py:2303} INFO - Starting attempt 40 of 3
[2025-04-01T02:17:15.000-0300] {taskinstance.py:2327} INFO - Executing <Task(PythonOperator): extract_from_mysql> on 2025-03-01 03:00:00+00:00
[2025-04-01T02:17:15.003-0300] {standard_task_runner.py:63} INFO - Started process 18556 to run task
[2025-04-01T02:17:15.011-0300] {standard_task_runner.py:90} INFO - Running: ['airflow', 'tasks', 'run', 'monthly_employee_changes_report', 'extract_from_mysql', 'scheduled__2025-03-01T03:00:00+00:00', '--job-id', '72', '--raw', '--subdir', 'DAGS_FOLDER/monthly_employee_changes_report_dag.py', '--cfg-path', '/var/folders/pw/ybzcyby54d787c124gv_5tjw0000gn/T/tmpctywolrx']
[2025-04-01T02:17:15.015-0300] {standard_task_runner.py:91} INFO - Job 72: Subtask extract_from_mysql
[2025-04-01T02:17:15.062-0300] {task_command.py:426} INFO - Running <TaskInstance: monthly_employee_changes_report.extract_from_mysql scheduled__2025-03-01T03:00:00+00:00 [running]> on host ordenador-portatil-de-user-2.local
[2025-04-01T02:17:15.143-0300] {taskinstance.py:2644} INFO - Exporting env vars: AIRFLOW_CTX_DAG_EMAIL='admin@example.com' AIRFLOW_CTX_DAG_OWNER='airflow' AIRFLOW_CTX_DAG_ID='monthly_employee_changes_report' AIRFLOW_CTX_TASK_ID='extract_from_mysql' AIRFLOW_CTX_EXECUTION_DATE='2025-03-01T03:00:00+00:00' AIRFLOW_CTX_TRY_NUMBER='40' AIRFLOW_CTX_DAG_RUN_ID='scheduled__2025-03-01T03:00:00+00:00'
[2025-04-01T02:17:15.144-0300] {taskinstance.py:430} INFO - ::endgroup::
[2025-04-01T02:17:15.173-0300] {logging_mixin.py:188} WARNING - /Users/user/Documents/repo test eng/env/lib/python3.10/site-packages/airflow/utils/context.py:320 AirflowContextDeprecationWarning: Accessing 'execution_date' from the template is deprecated and will be removed in a future version. Please use 'data_interval_start' or 'logical_date' instead.
[2025-04-01T02:18:30.433-0300] {local_task_job_runner.py:288} WARNING - Recorded pid 18645 does not match the current pid 18556
[2025-04-01T02:18:30.434-0300] {local_task_job_runner.py:222} INFO - ::endgroup::
[2025-04-01T02:18:30.438-0300] {process_utils.py:132} INFO - Sending Signals.SIGTERM to group 18556. PIDs of all processes in the group: [18556]
[2025-04-01T02:18:30.438-0300] {process_utils.py:87} INFO - Sending the signal Signals.SIGTERM to group 18556
[2025-04-01T02:20:01.055-0300] {process_utils.py:150} WARNING - process psutil.Process(pid=18556, name='python3.10', status='running', started='02:17:15') did not respond to SIGTERM. Trying SIGKILL
[2025-04-01T02:20:01.059-0300] {process_utils.py:87} INFO - Sending the signal Signals.SIGKILL to group 18556
[2025-04-01T02:20:01.069-0300] {process_utils.py:80} INFO - Process psutil.Process(pid=18556, name='python3.10', status='terminated', exitcode=<Negsignal.SIGKILL: -9>, started='02:17:15') (18556) terminated with exit code Negsignal.SIGKILL
[2025-04-01T02:20:01.069-0300] {standard_task_runner.py:178} ERROR - Job 73 was killed before it finished (likely due to running out of memory)
