[2025-03-31T20:44:59.525-0300] {processor.py:161} INFO - Started process (PID=10121) to work on /Users/user/Documents/repo test eng/airflow_data/dags/employee_changes_report_dag.py
[2025-03-31T20:44:59.526-0300] {processor.py:830} INFO - Processing file /Users/user/Documents/repo test eng/airflow_data/dags/employee_changes_report_dag.py for tasks to queue
[2025-03-31T20:44:59.526-0300] {logging_mixin.py:188} INFO - [2025-03-31T20:44:59.526-0300] {dagbag.py:540} INFO - Filling up the DagBag from /Users/user/Documents/repo test eng/airflow_data/dags/employee_changes_report_dag.py
[2025-03-31T20:45:00.161-0300] {processor.py:840} INFO - DAG(s) 'employee_changes_report' retrieved from /Users/user/Documents/repo test eng/airflow_data/dags/employee_changes_report_dag.py
[2025-03-31T20:45:00.250-0300] {logging_mixin.py:188} INFO - [2025-03-31T20:45:00.250-0300] {override.py:1829} INFO - Created Permission View: can edit on DAG:employee_changes_report
[2025-03-31T20:45:00.253-0300] {logging_mixin.py:188} INFO - [2025-03-31T20:45:00.253-0300] {override.py:1829} INFO - Created Permission View: can delete on DAG:employee_changes_report
[2025-03-31T20:45:00.255-0300] {logging_mixin.py:188} INFO - [2025-03-31T20:45:00.255-0300] {override.py:1829} INFO - Created Permission View: can read on DAG:employee_changes_report
[2025-03-31T20:45:00.255-0300] {logging_mixin.py:188} INFO - [2025-03-31T20:45:00.255-0300] {dag.py:3096} INFO - Sync 1 DAGs
[2025-03-31T20:45:00.259-0300] {logging_mixin.py:188} INFO - [2025-03-31T20:45:00.259-0300] {dag.py:3118} INFO - Creating ORM DAG for employee_changes_report
[2025-03-31T20:45:00.263-0300] {logging_mixin.py:188} INFO - [2025-03-31T20:45:00.263-0300] {dag.py:3954} INFO - Setting next_dagrun for employee_changes_report to 2025-02-01 00:00:00+00:00, run_after=2025-03-01 00:00:00+00:00
[2025-03-31T20:45:00.268-0300] {processor.py:183} INFO - Processing /Users/user/Documents/repo test eng/airflow_data/dags/employee_changes_report_dag.py took 0.745 seconds
[2025-03-31T20:45:31.636-0300] {processor.py:161} INFO - Started process (PID=10154) to work on /Users/user/Documents/repo test eng/airflow_data/dags/employee_changes_report_dag.py
[2025-03-31T20:45:31.637-0300] {processor.py:830} INFO - Processing file /Users/user/Documents/repo test eng/airflow_data/dags/employee_changes_report_dag.py for tasks to queue
[2025-03-31T20:45:31.637-0300] {logging_mixin.py:188} INFO - [2025-03-31T20:45:31.637-0300] {dagbag.py:540} INFO - Filling up the DagBag from /Users/user/Documents/repo test eng/airflow_data/dags/employee_changes_report_dag.py
[2025-03-31T20:45:32.244-0300] {processor.py:840} INFO - DAG(s) 'employee_changes_report' retrieved from /Users/user/Documents/repo test eng/airflow_data/dags/employee_changes_report_dag.py
[2025-03-31T20:45:32.280-0300] {logging_mixin.py:188} INFO - [2025-03-31T20:45:32.280-0300] {dag.py:3096} INFO - Sync 1 DAGs
[2025-03-31T20:45:32.287-0300] {logging_mixin.py:188} INFO - [2025-03-31T20:45:32.286-0300] {dag.py:3954} INFO - Setting next_dagrun for employee_changes_report to 2025-02-01 00:00:00+00:00, run_after=2025-03-01 00:00:00+00:00
[2025-03-31T20:45:32.293-0300] {processor.py:183} INFO - Processing /Users/user/Documents/repo test eng/airflow_data/dags/employee_changes_report_dag.py took 0.659 seconds
[2025-03-31T20:46:03.453-0300] {processor.py:161} INFO - Started process (PID=10167) to work on /Users/user/Documents/repo test eng/airflow_data/dags/employee_changes_report_dag.py
[2025-03-31T20:46:03.454-0300] {processor.py:830} INFO - Processing file /Users/user/Documents/repo test eng/airflow_data/dags/employee_changes_report_dag.py for tasks to queue
[2025-03-31T20:46:03.454-0300] {logging_mixin.py:188} INFO - [2025-03-31T20:46:03.454-0300] {dagbag.py:540} INFO - Filling up the DagBag from /Users/user/Documents/repo test eng/airflow_data/dags/employee_changes_report_dag.py
[2025-03-31T20:46:04.065-0300] {processor.py:840} INFO - DAG(s) 'employee_changes_report' retrieved from /Users/user/Documents/repo test eng/airflow_data/dags/employee_changes_report_dag.py
[2025-03-31T20:46:04.099-0300] {logging_mixin.py:188} INFO - [2025-03-31T20:46:04.099-0300] {dag.py:3096} INFO - Sync 1 DAGs
[2025-03-31T20:46:04.106-0300] {logging_mixin.py:188} INFO - [2025-03-31T20:46:04.106-0300] {dag.py:3954} INFO - Setting next_dagrun for employee_changes_report to 2025-02-01 00:00:00+00:00, run_after=2025-03-01 00:00:00+00:00
[2025-03-31T20:46:04.112-0300] {processor.py:183} INFO - Processing /Users/user/Documents/repo test eng/airflow_data/dags/employee_changes_report_dag.py took 0.661 seconds
[2025-03-31T20:46:35.021-0300] {processor.py:161} INFO - Started process (PID=10259) to work on /Users/user/Documents/repo test eng/airflow_data/dags/employee_changes_report_dag.py
[2025-03-31T20:46:35.022-0300] {processor.py:830} INFO - Processing file /Users/user/Documents/repo test eng/airflow_data/dags/employee_changes_report_dag.py for tasks to queue
[2025-03-31T20:46:35.022-0300] {logging_mixin.py:188} INFO - [2025-03-31T20:46:35.022-0300] {dagbag.py:540} INFO - Filling up the DagBag from /Users/user/Documents/repo test eng/airflow_data/dags/employee_changes_report_dag.py
[2025-03-31T20:46:35.694-0300] {processor.py:840} INFO - DAG(s) 'employee_changes_report' retrieved from /Users/user/Documents/repo test eng/airflow_data/dags/employee_changes_report_dag.py
[2025-03-31T20:46:35.731-0300] {logging_mixin.py:188} INFO - [2025-03-31T20:46:35.731-0300] {dag.py:3096} INFO - Sync 1 DAGs
[2025-03-31T20:46:35.738-0300] {logging_mixin.py:188} INFO - [2025-03-31T20:46:35.738-0300] {dag.py:3954} INFO - Setting next_dagrun for employee_changes_report to 2025-02-01 00:00:00+00:00, run_after=2025-03-01 00:00:00+00:00
[2025-03-31T20:46:35.745-0300] {processor.py:183} INFO - Processing /Users/user/Documents/repo test eng/airflow_data/dags/employee_changes_report_dag.py took 0.725 seconds
[2025-03-31T20:47:06.586-0300] {processor.py:161} INFO - Started process (PID=10281) to work on /Users/user/Documents/repo test eng/airflow_data/dags/employee_changes_report_dag.py
[2025-03-31T20:47:06.587-0300] {processor.py:830} INFO - Processing file /Users/user/Documents/repo test eng/airflow_data/dags/employee_changes_report_dag.py for tasks to queue
[2025-03-31T20:47:06.588-0300] {logging_mixin.py:188} INFO - [2025-03-31T20:47:06.588-0300] {dagbag.py:540} INFO - Filling up the DagBag from /Users/user/Documents/repo test eng/airflow_data/dags/employee_changes_report_dag.py
[2025-03-31T20:47:07.108-0300] {processor.py:840} INFO - DAG(s) 'employee_changes_report' retrieved from /Users/user/Documents/repo test eng/airflow_data/dags/employee_changes_report_dag.py
[2025-03-31T20:47:07.140-0300] {logging_mixin.py:188} INFO - [2025-03-31T20:47:07.140-0300] {dag.py:3096} INFO - Sync 1 DAGs
[2025-03-31T20:47:07.147-0300] {logging_mixin.py:188} INFO - [2025-03-31T20:47:07.147-0300] {dag.py:3954} INFO - Setting next_dagrun for employee_changes_report to 2025-02-01 00:00:00+00:00, run_after=2025-03-01 00:00:00+00:00
[2025-03-31T20:47:07.153-0300] {processor.py:183} INFO - Processing /Users/user/Documents/repo test eng/airflow_data/dags/employee_changes_report_dag.py took 0.568 seconds
[2025-03-31T20:47:38.162-0300] {processor.py:161} INFO - Started process (PID=10303) to work on /Users/user/Documents/repo test eng/airflow_data/dags/employee_changes_report_dag.py
[2025-03-31T20:47:38.163-0300] {processor.py:830} INFO - Processing file /Users/user/Documents/repo test eng/airflow_data/dags/employee_changes_report_dag.py for tasks to queue
[2025-03-31T20:47:38.163-0300] {logging_mixin.py:188} INFO - [2025-03-31T20:47:38.163-0300] {dagbag.py:540} INFO - Filling up the DagBag from /Users/user/Documents/repo test eng/airflow_data/dags/employee_changes_report_dag.py
[2025-03-31T20:47:38.773-0300] {processor.py:840} INFO - DAG(s) 'employee_changes_report' retrieved from /Users/user/Documents/repo test eng/airflow_data/dags/employee_changes_report_dag.py
[2025-03-31T20:47:38.808-0300] {logging_mixin.py:188} INFO - [2025-03-31T20:47:38.808-0300] {dag.py:3096} INFO - Sync 1 DAGs
[2025-03-31T20:47:38.815-0300] {logging_mixin.py:188} INFO - [2025-03-31T20:47:38.815-0300] {dag.py:3954} INFO - Setting next_dagrun for employee_changes_report to 2025-02-01 00:00:00+00:00, run_after=2025-03-01 00:00:00+00:00
[2025-03-31T20:47:38.821-0300] {processor.py:183} INFO - Processing /Users/user/Documents/repo test eng/airflow_data/dags/employee_changes_report_dag.py took 0.660 seconds
[2025-03-31T20:48:09.881-0300] {processor.py:161} INFO - Started process (PID=10315) to work on /Users/user/Documents/repo test eng/airflow_data/dags/employee_changes_report_dag.py
[2025-03-31T20:48:09.883-0300] {processor.py:830} INFO - Processing file /Users/user/Documents/repo test eng/airflow_data/dags/employee_changes_report_dag.py for tasks to queue
[2025-03-31T20:48:09.883-0300] {logging_mixin.py:188} INFO - [2025-03-31T20:48:09.883-0300] {dagbag.py:540} INFO - Filling up the DagBag from /Users/user/Documents/repo test eng/airflow_data/dags/employee_changes_report_dag.py
[2025-03-31T20:48:10.481-0300] {processor.py:840} INFO - DAG(s) 'employee_changes_report' retrieved from /Users/user/Documents/repo test eng/airflow_data/dags/employee_changes_report_dag.py
[2025-03-31T20:48:10.516-0300] {logging_mixin.py:188} INFO - [2025-03-31T20:48:10.516-0300] {dag.py:3096} INFO - Sync 1 DAGs
[2025-03-31T20:48:10.522-0300] {logging_mixin.py:188} INFO - [2025-03-31T20:48:10.522-0300] {dag.py:3954} INFO - Setting next_dagrun for employee_changes_report to 2025-02-01 00:00:00+00:00, run_after=2025-03-01 00:00:00+00:00
[2025-03-31T20:48:10.529-0300] {processor.py:183} INFO - Processing /Users/user/Documents/repo test eng/airflow_data/dags/employee_changes_report_dag.py took 0.649 seconds
[2025-03-31T20:48:41.481-0300] {processor.py:161} INFO - Started process (PID=10320) to work on /Users/user/Documents/repo test eng/airflow_data/dags/employee_changes_report_dag.py
[2025-03-31T20:48:41.483-0300] {processor.py:830} INFO - Processing file /Users/user/Documents/repo test eng/airflow_data/dags/employee_changes_report_dag.py for tasks to queue
[2025-03-31T20:48:41.483-0300] {logging_mixin.py:188} INFO - [2025-03-31T20:48:41.483-0300] {dagbag.py:540} INFO - Filling up the DagBag from /Users/user/Documents/repo test eng/airflow_data/dags/employee_changes_report_dag.py
[2025-03-31T20:48:42.108-0300] {processor.py:840} INFO - DAG(s) 'employee_changes_report' retrieved from /Users/user/Documents/repo test eng/airflow_data/dags/employee_changes_report_dag.py
[2025-03-31T20:48:42.145-0300] {logging_mixin.py:188} INFO - [2025-03-31T20:48:42.145-0300] {dag.py:3096} INFO - Sync 1 DAGs
[2025-03-31T20:48:42.152-0300] {logging_mixin.py:188} INFO - [2025-03-31T20:48:42.152-0300] {dag.py:3954} INFO - Setting next_dagrun for employee_changes_report to 2025-02-01 00:00:00+00:00, run_after=2025-03-01 00:00:00+00:00
[2025-03-31T20:48:42.159-0300] {processor.py:183} INFO - Processing /Users/user/Documents/repo test eng/airflow_data/dags/employee_changes_report_dag.py took 0.679 seconds
[2025-03-31T20:49:13.215-0300] {processor.py:161} INFO - Started process (PID=10330) to work on /Users/user/Documents/repo test eng/airflow_data/dags/employee_changes_report_dag.py
[2025-03-31T20:49:13.217-0300] {processor.py:830} INFO - Processing file /Users/user/Documents/repo test eng/airflow_data/dags/employee_changes_report_dag.py for tasks to queue
[2025-03-31T20:49:13.217-0300] {logging_mixin.py:188} INFO - [2025-03-31T20:49:13.217-0300] {dagbag.py:540} INFO - Filling up the DagBag from /Users/user/Documents/repo test eng/airflow_data/dags/employee_changes_report_dag.py
[2025-03-31T20:49:13.832-0300] {processor.py:840} INFO - DAG(s) 'employee_changes_report' retrieved from /Users/user/Documents/repo test eng/airflow_data/dags/employee_changes_report_dag.py
[2025-03-31T20:49:13.868-0300] {logging_mixin.py:188} INFO - [2025-03-31T20:49:13.868-0300] {dag.py:3096} INFO - Sync 1 DAGs
[2025-03-31T20:49:13.874-0300] {logging_mixin.py:188} INFO - [2025-03-31T20:49:13.874-0300] {dag.py:3954} INFO - Setting next_dagrun for employee_changes_report to 2025-02-01 00:00:00+00:00, run_after=2025-03-01 00:00:00+00:00
[2025-03-31T20:49:13.880-0300] {processor.py:183} INFO - Processing /Users/user/Documents/repo test eng/airflow_data/dags/employee_changes_report_dag.py took 0.666 seconds
[2025-03-31T20:49:44.690-0300] {processor.py:161} INFO - Started process (PID=10346) to work on /Users/user/Documents/repo test eng/airflow_data/dags/employee_changes_report_dag.py
[2025-03-31T20:49:44.691-0300] {processor.py:830} INFO - Processing file /Users/user/Documents/repo test eng/airflow_data/dags/employee_changes_report_dag.py for tasks to queue
[2025-03-31T20:49:44.691-0300] {logging_mixin.py:188} INFO - [2025-03-31T20:49:44.691-0300] {dagbag.py:540} INFO - Filling up the DagBag from /Users/user/Documents/repo test eng/airflow_data/dags/employee_changes_report_dag.py
[2025-03-31T20:49:45.157-0300] {processor.py:840} INFO - DAG(s) 'employee_changes_report' retrieved from /Users/user/Documents/repo test eng/airflow_data/dags/employee_changes_report_dag.py
[2025-03-31T20:49:45.194-0300] {logging_mixin.py:188} INFO - [2025-03-31T20:49:45.194-0300] {dag.py:3096} INFO - Sync 1 DAGs
[2025-03-31T20:49:45.200-0300] {logging_mixin.py:188} INFO - [2025-03-31T20:49:45.200-0300] {dag.py:3954} INFO - Setting next_dagrun for employee_changes_report to 2025-02-01 00:00:00+00:00, run_after=2025-03-01 00:00:00+00:00
[2025-03-31T20:49:45.207-0300] {processor.py:183} INFO - Processing /Users/user/Documents/repo test eng/airflow_data/dags/employee_changes_report_dag.py took 0.518 seconds
[2025-03-31T20:50:16.211-0300] {processor.py:161} INFO - Started process (PID=10363) to work on /Users/user/Documents/repo test eng/airflow_data/dags/employee_changes_report_dag.py
[2025-03-31T20:50:16.212-0300] {processor.py:830} INFO - Processing file /Users/user/Documents/repo test eng/airflow_data/dags/employee_changes_report_dag.py for tasks to queue
[2025-03-31T20:50:16.213-0300] {logging_mixin.py:188} INFO - [2025-03-31T20:50:16.213-0300] {dagbag.py:540} INFO - Filling up the DagBag from /Users/user/Documents/repo test eng/airflow_data/dags/employee_changes_report_dag.py
[2025-03-31T20:50:16.823-0300] {processor.py:840} INFO - DAG(s) 'employee_changes_report' retrieved from /Users/user/Documents/repo test eng/airflow_data/dags/employee_changes_report_dag.py
[2025-03-31T20:50:16.857-0300] {logging_mixin.py:188} INFO - [2025-03-31T20:50:16.856-0300] {dag.py:3096} INFO - Sync 1 DAGs
[2025-03-31T20:50:16.863-0300] {logging_mixin.py:188} INFO - [2025-03-31T20:50:16.863-0300] {dag.py:3954} INFO - Setting next_dagrun for employee_changes_report to 2025-02-01 00:00:00+00:00, run_after=2025-03-01 00:00:00+00:00
[2025-03-31T20:50:16.869-0300] {processor.py:183} INFO - Processing /Users/user/Documents/repo test eng/airflow_data/dags/employee_changes_report_dag.py took 0.659 seconds
[2025-03-31T20:50:47.746-0300] {processor.py:161} INFO - Started process (PID=10378) to work on /Users/user/Documents/repo test eng/airflow_data/dags/employee_changes_report_dag.py
[2025-03-31T20:50:47.747-0300] {processor.py:830} INFO - Processing file /Users/user/Documents/repo test eng/airflow_data/dags/employee_changes_report_dag.py for tasks to queue
[2025-03-31T20:50:47.747-0300] {logging_mixin.py:188} INFO - [2025-03-31T20:50:47.747-0300] {dagbag.py:540} INFO - Filling up the DagBag from /Users/user/Documents/repo test eng/airflow_data/dags/employee_changes_report_dag.py
[2025-03-31T20:50:48.230-0300] {processor.py:840} INFO - DAG(s) 'employee_changes_report' retrieved from /Users/user/Documents/repo test eng/airflow_data/dags/employee_changes_report_dag.py
[2025-03-31T20:50:48.265-0300] {logging_mixin.py:188} INFO - [2025-03-31T20:50:48.265-0300] {dag.py:3096} INFO - Sync 1 DAGs
[2025-03-31T20:50:48.272-0300] {logging_mixin.py:188} INFO - [2025-03-31T20:50:48.271-0300] {dag.py:3954} INFO - Setting next_dagrun for employee_changes_report to 2025-02-01 00:00:00+00:00, run_after=2025-03-01 00:00:00+00:00
[2025-03-31T20:50:48.278-0300] {processor.py:183} INFO - Processing /Users/user/Documents/repo test eng/airflow_data/dags/employee_changes_report_dag.py took 0.533 seconds
